WARNING: A terminally deprecated method in sun.misc.Unsafe has been called
WARNING: sun.misc.Unsafe::staticFieldBase has been called by com.google.inject.internal.aop.HiddenClassDefiner (file:/Users/sergeychukhno/.m2/wrapper/dists/apache-maven-3.9.11/a2d47e15/lib/guice-5.1.0-classes.jar)
WARNING: Please consider reporting this to the maintainers of class com.google.inject.internal.aop.HiddenClassDefiner
WARNING: sun.misc.Unsafe::staticFieldBase will be removed in a future release
[INFO] Scanning for projects...
[INFO] 
[INFO] -------------------< com.MyBooking:hotel-management >-------------------
[INFO] Building hotel-management 0.0.1-SNAPSHOT
[INFO]   from pom.xml
[INFO] --------------------------------[ jar ]---------------------------------
[INFO] 
[INFO] >>> spring-boot:3.5.5:run (default-cli) > test-compile @ hotel-management >>>
[INFO] 
[INFO] --- resources:3.3.1:resources (default-resources) @ hotel-management ---
[INFO] Copying 3 resources from src/main/resources to target/classes
[INFO] Copying 6 resources from src/main/resources to target/classes
[INFO] 
[INFO] --- compiler:3.14.0:compile (default-compile) @ hotel-management ---
[INFO] Nothing to compile - all classes are up to date.
[INFO] 
[INFO] --- resources:3.3.1:testResources (default-testResources) @ hotel-management ---
[INFO] Copying 2 resources from src/test/resources to target/test-classes
[INFO] 
[INFO] --- compiler:3.14.0:testCompile (default-testCompile) @ hotel-management ---
[INFO] Recompiling the module because of changed source code.
[INFO] Compiling 40 source files with javac [debug parameters release 17] to target/test-classes
[INFO] 
[INFO] <<< spring-boot:3.5.5:run (default-cli) < test-compile @ hotel-management <<<
[INFO] 
[INFO] 
[INFO] --- spring-boot:3.5.5:run (default-cli) @ hotel-management ---
[INFO] Attaching agents: []

  .   ____          _            __ _ _
 /\\ / ___'_ __ _ _(_)_ __  __ _ \ \ \ \
( ( )\___ | '_ | '_| | '_ \/ _` | \ \ \ \
 \\/  ___)| |_)| | | | | || (_| |  ) ) ) )
  '  |____| .__|_| |_|_| |_\__, | / / / /
 =========|_|==============|___/=/_/_/_/

 :: Spring Boot ::                (v3.5.5)

2025-09-22T07:23:43.441+02:00  INFO 18639 --- [hotel-management] [  restartedMain] c.M.h.HotelManagementApplication         : Starting HotelManagementApplication using Java 24.0.2 with PID 18639 (/Users/sergeychukhno/Desktop/Java/MyBooking/backend/target/classes started by sergeychukhno in /Users/sergeychukhno/Desktop/Java/MyBooking/backend)
2025-09-22T07:23:43.442+02:00  INFO 18639 --- [hotel-management] [  restartedMain] c.M.h.HotelManagementApplication         : No active profile set, falling back to 1 default profile: "default"
2025-09-22T07:23:43.458+02:00  INFO 18639 --- [hotel-management] [  restartedMain] .e.DevToolsPropertyDefaultsPostProcessor : Devtools property defaults active! Set 'spring.devtools.add-properties' to 'false' to disable
2025-09-22T07:23:43.458+02:00  INFO 18639 --- [hotel-management] [  restartedMain] .e.DevToolsPropertyDefaultsPostProcessor : For additional web related logging consider setting the 'logging.level.web' property to 'DEBUG'
2025-09-22T07:23:43.640+02:00  INFO 18639 --- [hotel-management] [  restartedMain] .s.d.r.c.RepositoryConfigurationDelegate : Bootstrapping Spring Data JPA repositories in DEFAULT mode.
2025-09-22T07:23:43.672+02:00  INFO 18639 --- [hotel-management] [  restartedMain] .s.d.r.c.RepositoryConfigurationDelegate : Finished Spring Data repository scanning in 29 ms. Found 23 JPA repository interfaces.
2025-09-22T07:23:43.950+02:00  INFO 18639 --- [hotel-management] [  restartedMain] o.s.b.w.embedded.tomcat.TomcatWebServer  : Tomcat initialized with port 8080 (http)
2025-09-22T07:23:43.955+02:00  INFO 18639 --- [hotel-management] [  restartedMain] o.apache.catalina.core.StandardService   : Starting service [Tomcat]
2025-09-22T07:23:43.955+02:00  INFO 18639 --- [hotel-management] [  restartedMain] o.apache.catalina.core.StandardEngine    : Starting Servlet engine: [Apache Tomcat/10.1.44]
2025-09-22T07:23:43.966+02:00  INFO 18639 --- [hotel-management] [  restartedMain] o.a.c.c.C.[Tomcat].[localhost].[/]       : Initializing Spring embedded WebApplicationContext
2025-09-22T07:23:43.967+02:00  INFO 18639 --- [hotel-management] [  restartedMain] w.s.c.ServletWebServerApplicationContext : Root WebApplicationContext: initialization completed in 508 ms
2025-09-22T07:23:44.068+02:00  INFO 18639 --- [hotel-management] [  restartedMain] com.zaxxer.hikari.HikariDataSource       : HikariPool-1 - Starting...
2025-09-22T07:23:44.100+02:00  INFO 18639 --- [hotel-management] [  restartedMain] com.zaxxer.hikari.pool.HikariPool        : HikariPool-1 - Added connection org.postgresql.jdbc.PgConnection@3d524469
2025-09-22T07:23:44.101+02:00  INFO 18639 --- [hotel-management] [  restartedMain] com.zaxxer.hikari.HikariDataSource       : HikariPool-1 - Start completed.
2025-09-22T07:23:44.110+02:00  INFO 18639 --- [hotel-management] [  restartedMain] org.flywaydb.core.FlywayExecutor         : Database: jdbc:postgresql://localhost:5432/mybooking (PostgreSQL 14.18)
2025-09-22T07:23:44.124+02:00  INFO 18639 --- [hotel-management] [  restartedMain] o.f.core.internal.command.DbValidate     : Successfully validated 5 migrations (execution time 00:00.007s)
2025-09-22T07:23:44.133+02:00  INFO 18639 --- [hotel-management] [  restartedMain] o.f.core.internal.command.DbMigrate      : Current version of schema "public": 5
2025-09-22T07:23:44.134+02:00  INFO 18639 --- [hotel-management] [  restartedMain] o.f.core.internal.command.DbMigrate      : Schema "public" is up to date. No migration necessary.
2025-09-22T07:23:44.164+02:00  INFO 18639 --- [hotel-management] [  restartedMain] o.hibernate.jpa.internal.util.LogHelper  : HHH000204: Processing PersistenceUnitInfo [name: default]
2025-09-22T07:23:44.176+02:00  INFO 18639 --- [hotel-management] [  restartedMain] org.hibernate.Version                    : HHH000412: Hibernate ORM core version 6.6.26.Final
2025-09-22T07:23:44.184+02:00  INFO 18639 --- [hotel-management] [  restartedMain] o.h.c.internal.RegionFactoryInitiator    : HHH000026: Second-level cache disabled
2025-09-22T07:23:44.250+02:00  INFO 18639 --- [hotel-management] [  restartedMain] o.s.o.j.p.SpringPersistenceUnitInfo      : No LoadTimeWeaver setup: ignoring JPA class transformer
2025-09-22T07:23:44.275+02:00  INFO 18639 --- [hotel-management] [  restartedMain] org.hibernate.orm.connections.pooling    : HHH10001005: Database info:
	Database JDBC URL [Connecting through datasource 'HikariDataSource (HikariPool-1)']
	Database driver: undefined/unknown
	Database version: 14.18
	Autocommit mode: undefined/unknown
	Isolation level: undefined/unknown
	Minimum pool size: undefined/unknown
	Maximum pool size: undefined/unknown
2025-09-22T07:23:44.662+02:00  INFO 18639 --- [hotel-management] [  restartedMain] o.h.e.t.j.p.i.JtaPlatformInitiator       : HHH000489: No JTA platform available (set 'hibernate.transaction.jta.platform' to enable JTA platform integration)
2025-09-22T07:23:44.684+02:00  INFO 18639 --- [hotel-management] [  restartedMain] j.LocalContainerEntityManagerFactoryBean : Initialized JPA EntityManagerFactory for persistence unit 'default'
2025-09-22T07:23:44.775+02:00  INFO 18639 --- [hotel-management] [  restartedMain] o.s.d.j.r.query.QueryEnhancerFactory     : Hibernate is in classpath; If applicable, HQL parser will be used.
2025-09-22T07:23:46.564+02:00  WARN 18639 --- [hotel-management] [  restartedMain] JpaBaseConfiguration$JpaWebConfiguration : spring.jpa.open-in-view is enabled by default. Therefore, database queries may be performed during view rendering. Explicitly configure spring.jpa.open-in-view to disable this warning
2025-09-22T07:23:46.661+02:00  WARN 18639 --- [hotel-management] [  restartedMain] .s.s.UserDetailsServiceAutoConfiguration : 

Using generated security password: ea6f0b88-9ac0-4f03-bc1a-fe17683383b3

This generated password is for development use only. Your security configuration must be updated before running your application in production.

2025-09-22T07:23:46.664+02:00  INFO 18639 --- [hotel-management] [  restartedMain] r$InitializeUserDetailsManagerConfigurer : Global AuthenticationManager configured with UserDetailsService bean with name inMemoryUserDetailsManager
*** SecurityConfig is being loaded! ***
2025-09-22T07:23:46.825+02:00  INFO 18639 --- [hotel-management] [  restartedMain] o.s.b.d.a.OptionalLiveReloadServer       : LiveReload server is running on port 35729
2025-09-22T07:23:46.839+02:00  INFO 18639 --- [hotel-management] [  restartedMain] o.s.b.w.embedded.tomcat.TomcatWebServer  : Tomcat started on port 8080 (http) with context path '/'
2025-09-22T07:23:46.842+02:00  INFO 18639 --- [hotel-management] [  restartedMain] c.M.h.HotelManagementApplication         : Started HotelManagementApplication in 3.523 seconds (process running for 3.642)
2025-09-22T07:23:55.231+02:00  INFO 18639 --- [hotel-management] [nio-8080-exec-1] o.a.c.c.C.[Tomcat].[localhost].[/]       : Initializing Spring DispatcherServlet 'dispatcherServlet'
2025-09-22T07:23:55.231+02:00  INFO 18639 --- [hotel-management] [nio-8080-exec-1] o.s.web.servlet.DispatcherServlet        : Initializing Servlet 'dispatcherServlet'
2025-09-22T07:23:55.232+02:00  INFO 18639 --- [hotel-management] [nio-8080-exec-1] o.s.web.servlet.DispatcherServlet        : Completed initialization in 1 ms
2025-09-22T07:26:02.726+02:00  WARN 18639 --- [hotel-management] [io-8080-exec-10] ration$PageModule$WarningLoggingModifier : Serializing PageImpl instances as-is is not supported, meaning that there is no guarantee about the stability of the resulting JSON structure!
	For a stable JSON structure, please use Spring Data's PagedModel (globally via @EnableSpringDataWebSupport(pageSerializationMode = VIA_DTO))
	or Spring HATEOAS and Spring Data's PagedResourcesAssembler as documented in https://docs.spring.io/spring-data/commons/reference/repositories/core-extensions.html#core.web.pageables.

